\BOOKMARK [0][-]{dedication.0}{Dedicat\363ria}{}
\BOOKMARK [0][-]{acknowledgements.0}{Agradecimentos}{}
\BOOKMARK [0][-]{resumo.0}{Resumo}{}
\BOOKMARK [0][-]{abstract.0}{Abstract}{}
\BOOKMARK [0][-]{chapter.1}{Introdu\347\343o}{}
\BOOKMARK [1][-]{section.1.1}{Problema}{chapter.1}
\BOOKMARK [1][-]{section.1.2}{Objetivos}{chapter.1}
\BOOKMARK [1][-]{section.1.3}{Metodologia}{chapter.1}
\BOOKMARK [1][-]{section.1.4}{Estrutura do Trabalho}{chapter.1}
\BOOKMARK [0][-]{chapter.2}{Fundamentos b\341sicos}{}
\BOOKMARK [1][-]{section.2.1}{Inform\341tica na Educa\347\343o}{chapter.2}
\BOOKMARK [2][-]{subsection.2.1.1}{Estilo de Aprendizagem}{section.2.1}
\BOOKMARK [2][-]{subsection.2.1.2}{Diagn\363stico do Estilos de Aprendizagem}{section.2.1}
\BOOKMARK [1][-]{section.2.2}{Sistemas Multiagente}{chapter.2}
\BOOKMARK [2][-]{subsection.2.2.1}{Conceitos}{section.2.2}
\BOOKMARK [2][-]{subsection.2.2.2}{Arquiteturas de agentes}{section.2.2}
\BOOKMARK [2][-]{subsection.2.2.3}{Intera\347\343o entre Agentes}{section.2.2}
\BOOKMARK [2][-]{subsection.2.2.4}{Comunica\347\343o}{section.2.2}
\BOOKMARK [2][-]{subsection.2.2.5}{Linguagem de Comunica\347\343o de Agentes FIPA}{section.2.2}
\BOOKMARK [2][-]{subsection.2.2.6}{Ontologias}{section.2.2}
\BOOKMARK [1][-]{section.2.3}{Metodologias de Sistemas Multiagente}{chapter.2}
\BOOKMARK [2][-]{subsection.2.3.1}{An\341lise}{section.2.3}
\BOOKMARK [2][-]{subsection.2.3.2}{Design}{section.2.3}
\BOOKMARK [1][-]{section.2.4}{Estudos de Ferramentas e Tecnologias Relacionadas}{chapter.2}
\BOOKMARK [2][-]{subsection.2.4.1}{UML}{section.2.4}
\BOOKMARK [2][-]{subsection.2.4.2}{Ferramentas de SMA}{section.2.4}
\BOOKMARK [2][-]{subsection.2.4.3}{JBoss Seam}{section.2.4}
\BOOKMARK [1][-]{section.2.5}{Trabalhos Correlatos}{chapter.2}
\BOOKMARK [0][-]{chapter.3}{Proposta de Solu\347\343o}{}
\BOOKMARK [1][-]{section.3.1}{A Modelagem}{chapter.3}
\BOOKMARK [2][-]{subsection.3.1.1}{An\341lise}{section.3.1}
